<?xml version="1.0" encoding="UTF-8"?>
<testng-results skipped="0" failed="0" ignored="0" total="4" passed="4">
  <reporter-output>
  </reporter-output>
  <suite name="Default suite" duration-ms="45" started-at="2021-12-21T10:36:16 IST" finished-at="2021-12-21T10:36:16 IST">
    <groups>
    </groups>
    <test name="Default test" duration-ms="45" started-at="2021-12-21T10:36:16 IST" finished-at="2021-12-21T10:36:16 IST">
      <class name="testNG.TestNGPractice">
        <test-method status="PASS" signature="atestAddition()[pri:0, instance:testNG.TestNGPractice@2353b3e6]" name="atestAddition" duration-ms="7" started-at="2021-12-21T10:36:16 IST" finished-at="2021-12-21T10:36:16 IST">
          <reporter-output>
          </reporter-output>
        </test-method> <!-- atestAddition -->
        <test-method status="PASS" signature="btestSubtraction()[pri:0, instance:testNG.TestNGPractice@2353b3e6]" name="btestSubtraction" duration-ms="1" started-at="2021-12-21T10:36:16 IST" finished-at="2021-12-21T10:36:16 IST">
          <reporter-output>
          </reporter-output>
        </test-method> <!-- btestSubtraction -->
        <test-method status="PASS" signature="ctestMultiplication()[pri:0, instance:testNG.TestNGPractice@2353b3e6]" name="ctestMultiplication" duration-ms="1" started-at="2021-12-21T10:36:16 IST" finished-at="2021-12-21T10:36:16 IST">
          <reporter-output>
          </reporter-output>
        </test-method> <!-- ctestMultiplication -->
        <test-method status="PASS" signature="dtestDivision()[pri:0, instance:testNG.TestNGPractice@2353b3e6]" name="dtestDivision" duration-ms="1" started-at="2021-12-21T10:36:16 IST" finished-at="2021-12-21T10:36:16 IST">
          <reporter-output>
          </reporter-output>
        </test-method> <!-- dtestDivision -->
      </class> <!-- testNG.TestNGPractice -->
    </test> <!-- Default test -->
  </suite> <!-- Default suite -->
</testng-results>
