<?xml version="1.0" encoding="UTF-8"?>
<!-- Generated by org.testng.reporters.JUnitXMLReporter -->
<testsuite hostname="LAPTOP-J9THCFRO" ignored="0" name="Default test" tests="4" failures="0" timestamp="2021-12-21T10:36:16 IST" time="0.045" errors="0">
  <testcase name="atestAddition" time="0.007" classname="testNG.TestNGPractice"/>
  <testcase name="btestSubtraction" time="0.001" classname="testNG.TestNGPractice"/>
  <testcase name="ctestMultiplication" time="0.001" classname="testNG.TestNGPractice"/>
  <testcase name="dtestDivision" time="0.001" classname="testNG.TestNGPractice"/>
</testsuite> <!-- Default test -->
